


ARM Macro Assembler    Page 1 


    1 00000000                 AREA             AsmTemplate, CODE, READONLY
    2 00000000                 IMPORT           main
    3 00000000         
    4 00000000         
    5 00000000         ; (c) Mike Brady, 2011 -- 2019.
    6 00000000                 EXPORT           start
    7 00000000                 INCLUDE          REG_DEFS.s
    1 00000000                 AREA             REG_DEFS, CODE, READONLY
    2 00000000         
    3 00000000         
    4 00000000         ;IO DEFS
    5 00000000 E0028000 
                       IO0PIN  EQU              0xE0028000
    6 00000000 E0028004 
                       IO0SET  EQU              0xE0028004
    7 00000000 E0028008 
                       IO0DIR  EQU              0xE0028008
    8 00000000 E002800C 
                       IO0CLR  EQU              0xE002800C
    9 00000000 E0028010 
                       IO1PIN  EQU              0xE0028010
   10 00000000 E0028014 
                       IO1SET  EQU              0xE0028014
   11 00000000 E0028018 
                       IO1DIR  EQU              0xE0028018
   12 00000000 E002801C 
                       IO1CLR  EQU              0xE002801C
   13 00000000         
   14 00000000         
   15 00000000 FFFFF030 
                       VICVECTADDR
                               EQU              0xFFFFF030
   16 00000000 FFFFF00C 
                       VICINTSELECT
                               EQU              0xFFFFF00C
   17 00000000 FFFFF010 
                       VICINTENABLE
                               EQU              0xFFFFF010
   18 00000000 FFFFF034 
                       VICDEFVECTADDR
                               EQU              0xFFFFF034
   19 00000000         
   20 00000000 E0004000 
                       T0IR    EQU              0xE0004000
   21 00000000 E0004004 
                       T0TCR   EQU              0xE0004004
   22 00000000 E0004008 
                       T0TC    EQU              0xE0004008
   23 00000000 E000400C 
                       T0PR    EQU              0xE000400C
   24 00000000 E0004010 
                       T0PC    EQU              0xE0004010
   25 00000000 E0004014 
                       T0MCR   EQU              0xE0004014
   26 00000000 E0004018 
                       T0MR0   EQU              0xE0004018
   27 00000000 E000401C 
                       T0MR1   EQU              0xE000401C
   28 00000000 E0004020 



ARM Macro Assembler    Page 2 


                       T0MR2   EQU              0xE0004020
   29 00000000 E0004024 
                       T0MR3   EQU              0xE0004024
   30 00000000 E0004028 
                       T0CCR   EQU              0xE0004028
   31 00000000 E000402C 
                       T0CR0   EQU              0xE000402C
   32 00000000 E0004030 
                       T0CR1   EQU              0xE0004030
   33 00000000 E0004034 
                       T0CR2   EQU              0xE0004034
   34 00000000 E0004038 
                       T0CR3   EQU              0xE0004038
   35 00000000 E000403C 
                       T0EMR   EQU              0xE000403C
   36 00000000 E0004070 
                       T0CTCR  EQU              0xE0004070
   37 00000000         
   38 00000000 E0008000 
                       T1IR    EQU              0xE0008000
   39 00000000 E0008004 
                       T1TCR   EQU              0xE0008004
   40 00000000 E0008008 
                       T1TC    EQU              0xE0008008
   41 00000000 E000800C 
                       T1PR    EQU              0xE000800C
   42 00000000 E0008010 
                       T1PC    EQU              0xE0008010
   43 00000000 E0008014 
                       T1MCR   EQU              0xE0008014
   44 00000000 E0008018 
                       T1MR0   EQU              0xE0008018
   45 00000000 E000801C 
                       T1MR1   EQU              0xE000801C
   46 00000000 E0008020 
                       T1MR2   EQU              0xE0008020
   47 00000000 E0008024 
                       T1MR3   EQU              0xE0008024
   48 00000000 E0008028 
                       T1CCR   EQU              0xE0008028
   49 00000000 E000802C 
                       T1CR0   EQU              0xE000802C
   50 00000000 E0008030 
                       T1CR1   EQU              0xE0008030
   51 00000000 E0008034 
                       T1CR2   EQU              0xE0008034
   52 00000000 E0008038 
                       T1CR3   EQU              0xE0008038
   53 00000000 E000803C 
                       T1EMR   EQU              0xE000803C
   54 00000000 E0008070 
                       T1CTCR  EQU              0xE0008070
   55 00000000         
   56 00000000         
   57 00000000                 END
    8 00000000                 IMPORT           Display
    9 00000000                 IMPORT           CLKINIT
   10 00000000                 IMPORT           INTHAND
   11 00000000                 IMPORT           MSCNT



ARM Macro Assembler    Page 3 


   12 00000000                 IMPORT           SCNT
   13 00000000                 IMPORT           MICNT
   14 00000000         
   15 00000000         ;R=17 B=18 G=21
   16 00000000         
   17 00000000         ;Main loop
   18 00000000         start
   19 00000000 EBFFFFFE        BL               CLKINIT
   20 00000004 E59F0070        LDR              R0, =VICDEFVECTADDR
   21 00000008 E59F1070        LDR              R1, =INTHAND
   22 0000000C E5801000        STR              R1, [R0]
   23 00000010 E59F006C        LDR              R0, =VICINTENABLE
   24 00000014 E3A01010        LDR              R1, =(2_1 << 4)
   25 00000018 E5801000        STR              R1, [R0]
   26 0000001C E59F0064        LDR              R0, =SCNT
   27 00000020 E3A02000        LDR              R2, =0
   28 00000024 E3A03008        LDR              R3, =8
   29 00000028 E59F405C        LDR              R4, =LUT
   30 0000002C E3A02826        LDR              R2, =0x260000
   31 00000030 E59F5058        LDR              R5, =IO0DIR
   32 00000034 E5852000        STR              R2, [R5]
   33 00000038         
   34 00000038 E59F5054        LDR              R5, =IO0CLR
   35 0000003C E59F6054        LDR              R6, =IO0SET
   36 00000040         
   37 00000040         
   38 00000040         LP
   39 00000040 E5D01000        LDRB             R1, [R0]
   40 00000044 E1520001        CMP              R2, R1
   41 00000048 E1A02001        MOV              R2, R1
   42 0000004C 0AFFFFFB        BEQ              LP
   43 00000050 EBFFFFFE        BL               Display
   44 00000054         
   45 00000054 E5867000        STR              R7, [R6]
   46 00000058 E7947003        LDR              R7, [R4, R3]
   47 0000005C E5857000        STR              R7, [R5]
   48 00000060         
   49 00000060 E2533004        SUBS             r3, #4
   50 00000064 33A03008        LDRCC            r3, =8
   51 00000068 EAFFFFF4        B                LP
   52 0000006C         
   53 0000006C 00020000 
                       LUT     DCD              1<<17
   54 00000070 00200000        DCD              1<<21
   55 00000074 00040000        DCD              1<<18
   56 00000078         
   57 00000078         
   58 00000078 EAFFFFFE 
                       stop    B                stop
   59 0000007C                 END
              FFFFF034 
              00000000 
              FFFFF010 
              00000000 
              00000000 
              E0028008 
              E002800C 
              E0028004 
Command Line: --debug --xref --diag_suppress=9931 --apcs=interwork --depend=.\a



ARM Macro Assembler    Page 4 


pp.d -o.\app.o -IC:\Keil_v5\ARM\RV31\INC -IC:\Keil_v5\ARM\CMSIS\Include -IC:\Ke
il_v5\ARM\Inc\Philips --predefine="__MICROLIB SETA 1" --predefine="__UVISION_VE
RSION SETA 516" --list=.\listings\app.lst App.s



ARM Macro Assembler    Page 1 Alphabetic symbol ordering
Relocatable symbols

AsmTemplate 00000000

Symbol: AsmTemplate
   Definitions
      At line 1 in file App.s
   Uses
      None
Comment: AsmTemplate unused
1 symbol



ARM Macro Assembler    Page 1 Alphabetic symbol ordering
Relocatable symbols

LP 00000040

Symbol: LP
   Definitions
      At line 38 in file App.s
   Uses
      At line 42 in file App.s
      At line 51 in file App.s

LUT 0000006C

Symbol: LUT
   Definitions
      At line 53 in file App.s
   Uses
      At line 29 in file App.s
Comment: LUT used once
REG_DEFS 00000000

Symbol: REG_DEFS
   Definitions
      At line 1 in file REG_DEFS.s
   Uses
      None
Comment: REG_DEFS unused
start 00000000

Symbol: start
   Definitions
      At line 18 in file App.s
   Uses
      At line 6 in file App.s
Comment: start used once
stop 00000078

Symbol: stop
   Definitions
      At line 58 in file App.s
   Uses
      At line 58 in file App.s
Comment: stop used once
5 symbols



ARM Macro Assembler    Page 1 Alphabetic symbol ordering
Absolute symbols

IO0CLR E002800C

Symbol: IO0CLR
   Definitions
      At line 8 in file REG_DEFS.s
   Uses
      At line 34 in file App.s
Comment: IO0CLR used once
IO0DIR E0028008

Symbol: IO0DIR
   Definitions
      At line 7 in file REG_DEFS.s
   Uses
      At line 31 in file App.s
Comment: IO0DIR used once
IO0PIN E0028000

Symbol: IO0PIN
   Definitions
      At line 5 in file REG_DEFS.s
   Uses
      None
Comment: IO0PIN unused
IO0SET E0028004

Symbol: IO0SET
   Definitions
      At line 6 in file REG_DEFS.s
   Uses
      At line 35 in file App.s
Comment: IO0SET used once
IO1CLR E002801C

Symbol: IO1CLR
   Definitions
      At line 12 in file REG_DEFS.s
   Uses
      None
Comment: IO1CLR unused
IO1DIR E0028018

Symbol: IO1DIR
   Definitions
      At line 11 in file REG_DEFS.s
   Uses
      None
Comment: IO1DIR unused
IO1PIN E0028010

Symbol: IO1PIN
   Definitions
      At line 9 in file REG_DEFS.s
   Uses
      None
Comment: IO1PIN unused
IO1SET E0028014

Symbol: IO1SET



ARM Macro Assembler    Page 2 Alphabetic symbol ordering
Absolute symbols

   Definitions
      At line 10 in file REG_DEFS.s
   Uses
      None
Comment: IO1SET unused
T0CCR E0004028

Symbol: T0CCR
   Definitions
      At line 30 in file REG_DEFS.s
   Uses
      None
Comment: T0CCR unused
T0CR0 E000402C

Symbol: T0CR0
   Definitions
      At line 31 in file REG_DEFS.s
   Uses
      None
Comment: T0CR0 unused
T0CR1 E0004030

Symbol: T0CR1
   Definitions
      At line 32 in file REG_DEFS.s
   Uses
      None
Comment: T0CR1 unused
T0CR2 E0004034

Symbol: T0CR2
   Definitions
      At line 33 in file REG_DEFS.s
   Uses
      None
Comment: T0CR2 unused
T0CR3 E0004038

Symbol: T0CR3
   Definitions
      At line 34 in file REG_DEFS.s
   Uses
      None
Comment: T0CR3 unused
T0CTCR E0004070

Symbol: T0CTCR
   Definitions
      At line 36 in file REG_DEFS.s
   Uses
      None
Comment: T0CTCR unused
T0EMR E000403C

Symbol: T0EMR
   Definitions
      At line 35 in file REG_DEFS.s
   Uses



ARM Macro Assembler    Page 3 Alphabetic symbol ordering
Absolute symbols

      None
Comment: T0EMR unused
T0IR E0004000

Symbol: T0IR
   Definitions
      At line 20 in file REG_DEFS.s
   Uses
      None
Comment: T0IR unused
T0MCR E0004014

Symbol: T0MCR
   Definitions
      At line 25 in file REG_DEFS.s
   Uses
      None
Comment: T0MCR unused
T0MR0 E0004018

Symbol: T0MR0
   Definitions
      At line 26 in file REG_DEFS.s
   Uses
      None
Comment: T0MR0 unused
T0MR1 E000401C

Symbol: T0MR1
   Definitions
      At line 27 in file REG_DEFS.s
   Uses
      None
Comment: T0MR1 unused
T0MR2 E0004020

Symbol: T0MR2
   Definitions
      At line 28 in file REG_DEFS.s
   Uses
      None
Comment: T0MR2 unused
T0MR3 E0004024

Symbol: T0MR3
   Definitions
      At line 29 in file REG_DEFS.s
   Uses
      None
Comment: T0MR3 unused
T0PC E0004010

Symbol: T0PC
   Definitions
      At line 24 in file REG_DEFS.s
   Uses
      None
Comment: T0PC unused
T0PR E000400C



ARM Macro Assembler    Page 4 Alphabetic symbol ordering
Absolute symbols


Symbol: T0PR
   Definitions
      At line 23 in file REG_DEFS.s
   Uses
      None
Comment: T0PR unused
T0TC E0004008

Symbol: T0TC
   Definitions
      At line 22 in file REG_DEFS.s
   Uses
      None
Comment: T0TC unused
T0TCR E0004004

Symbol: T0TCR
   Definitions
      At line 21 in file REG_DEFS.s
   Uses
      None
Comment: T0TCR unused
T1CCR E0008028

Symbol: T1CCR
   Definitions
      At line 48 in file REG_DEFS.s
   Uses
      None
Comment: T1CCR unused
T1CR0 E000802C

Symbol: T1CR0
   Definitions
      At line 49 in file REG_DEFS.s
   Uses
      None
Comment: T1CR0 unused
T1CR1 E0008030

Symbol: T1CR1
   Definitions
      At line 50 in file REG_DEFS.s
   Uses
      None
Comment: T1CR1 unused
T1CR2 E0008034

Symbol: T1CR2
   Definitions
      At line 51 in file REG_DEFS.s
   Uses
      None
Comment: T1CR2 unused
T1CR3 E0008038

Symbol: T1CR3
   Definitions



ARM Macro Assembler    Page 5 Alphabetic symbol ordering
Absolute symbols

      At line 52 in file REG_DEFS.s
   Uses
      None
Comment: T1CR3 unused
T1CTCR E0008070

Symbol: T1CTCR
   Definitions
      At line 54 in file REG_DEFS.s
   Uses
      None
Comment: T1CTCR unused
T1EMR E000803C

Symbol: T1EMR
   Definitions
      At line 53 in file REG_DEFS.s
   Uses
      None
Comment: T1EMR unused
T1IR E0008000

Symbol: T1IR
   Definitions
      At line 38 in file REG_DEFS.s
   Uses
      None
Comment: T1IR unused
T1MCR E0008014

Symbol: T1MCR
   Definitions
      At line 43 in file REG_DEFS.s
   Uses
      None
Comment: T1MCR unused
T1MR0 E0008018

Symbol: T1MR0
   Definitions
      At line 44 in file REG_DEFS.s
   Uses
      None
Comment: T1MR0 unused
T1MR1 E000801C

Symbol: T1MR1
   Definitions
      At line 45 in file REG_DEFS.s
   Uses
      None
Comment: T1MR1 unused
T1MR2 E0008020

Symbol: T1MR2
   Definitions
      At line 46 in file REG_DEFS.s
   Uses
      None



ARM Macro Assembler    Page 6 Alphabetic symbol ordering
Absolute symbols

Comment: T1MR2 unused
T1MR3 E0008024

Symbol: T1MR3
   Definitions
      At line 47 in file REG_DEFS.s
   Uses
      None
Comment: T1MR3 unused
T1PC E0008010

Symbol: T1PC
   Definitions
      At line 42 in file REG_DEFS.s
   Uses
      None
Comment: T1PC unused
T1PR E000800C

Symbol: T1PR
   Definitions
      At line 41 in file REG_DEFS.s
   Uses
      None
Comment: T1PR unused
T1TC E0008008

Symbol: T1TC
   Definitions
      At line 40 in file REG_DEFS.s
   Uses
      None
Comment: T1TC unused
T1TCR E0008004

Symbol: T1TCR
   Definitions
      At line 39 in file REG_DEFS.s
   Uses
      None
Comment: T1TCR unused
VICDEFVECTADDR FFFFF034

Symbol: VICDEFVECTADDR
   Definitions
      At line 18 in file REG_DEFS.s
   Uses
      At line 20 in file App.s
Comment: VICDEFVECTADDR used once
VICINTENABLE FFFFF010

Symbol: VICINTENABLE
   Definitions
      At line 17 in file REG_DEFS.s
   Uses
      At line 23 in file App.s
Comment: VICINTENABLE used once
VICINTSELECT FFFFF00C




ARM Macro Assembler    Page 7 Alphabetic symbol ordering
Absolute symbols

Symbol: VICINTSELECT
   Definitions
      At line 16 in file REG_DEFS.s
   Uses
      None
Comment: VICINTSELECT unused
VICVECTADDR FFFFF030

Symbol: VICVECTADDR
   Definitions
      At line 15 in file REG_DEFS.s
   Uses
      None
Comment: VICVECTADDR unused
46 symbols



ARM Macro Assembler    Page 1 Alphabetic symbol ordering
External symbols

CLKINIT 00000000

Symbol: CLKINIT
   Definitions
      At line 9 in file App.s
   Uses
      At line 19 in file App.s
Comment: CLKINIT used once
Display 00000000

Symbol: Display
   Definitions
      At line 8 in file App.s
   Uses
      At line 43 in file App.s
Comment: Display used once
INTHAND 00000000

Symbol: INTHAND
   Definitions
      At line 10 in file App.s
   Uses
      At line 21 in file App.s
Comment: INTHAND used once
MICNT 00000000

Symbol: MICNT
   Definitions
      At line 13 in file App.s
   Uses
      None
Comment: MICNT unused
MSCNT 00000000

Symbol: MSCNT
   Definitions
      At line 11 in file App.s
   Uses
      None
Comment: MSCNT unused
SCNT 00000000

Symbol: SCNT
   Definitions
      At line 12 in file App.s
   Uses
      At line 26 in file App.s
Comment: SCNT used once
main 00000000

Symbol: main
   Definitions
      At line 2 in file App.s
   Uses
      None
Comment: main unused
7 symbols
393 symbols in table
