


ARM Macro Assembler    Page 1 


    1 00000000                 AREA             ThreadStarter, CODE, READONLY
    2 00000000         
    3 00000000                 INCLUDE          REG_DEFS.s
    1 00000000                 AREA             REG_DEFS, CODE, READONLY
    2 00000000         
    3 00000000         
    4 00000000         ;IO DEFS
    5 00000000 E0028000 
                       IO0PIN  EQU              0xE0028000
    6 00000000 E0028004 
                       IO0SET  EQU              0xE0028004
    7 00000000 E0028008 
                       IO0DIR  EQU              0xE0028008
    8 00000000 E002800C 
                       IO0CLR  EQU              0xE002800C
    9 00000000 E0028010 
                       IO1PIN  EQU              0xE0028010
   10 00000000 E0028014 
                       IO1SET  EQU              0xE0028014
   11 00000000 E0028018 
                       IO1DIR  EQU              0xE0028018
   12 00000000 E002801C 
                       IO1CLR  EQU              0xE002801C
   13 00000000         
   14 00000000         
   15 00000000 FFFFF030 
                       VICVECTADDR
                               EQU              0xFFFFF030
   16 00000000 FFFFF00C 
                       VICINTSELECT
                               EQU              0xFFFFF00C
   17 00000000 FFFFF010 
                       VICINTENABLE
                               EQU              0xFFFFF010
   18 00000000 FFFFF034 
                       VICDEFVECTADDR
                               EQU              0xFFFFF034
   19 00000000         
   20 00000000 E0004000 
                       T0IR    EQU              0xE0004000
   21 00000000 E0004004 
                       T0TCR   EQU              0xE0004004
   22 00000000 E0004008 
                       T0TC    EQU              0xE0004008
   23 00000000 E000400C 
                       T0PR    EQU              0xE000400C
   24 00000000 E0004010 
                       T0PC    EQU              0xE0004010
   25 00000000 E0004014 
                       T0MCR   EQU              0xE0004014
   26 00000000 E0004018 
                       T0MR0   EQU              0xE0004018
   27 00000000 E000401C 
                       T0MR1   EQU              0xE000401C
   28 00000000 E0004020 
                       T0MR2   EQU              0xE0004020
   29 00000000 E0004024 
                       T0MR3   EQU              0xE0004024
   30 00000000 E0004028 



ARM Macro Assembler    Page 2 


                       T0CCR   EQU              0xE0004028
   31 00000000 E000402C 
                       T0CR0   EQU              0xE000402C
   32 00000000 E0004030 
                       T0CR1   EQU              0xE0004030
   33 00000000 E0004034 
                       T0CR2   EQU              0xE0004034
   34 00000000 E0004038 
                       T0CR3   EQU              0xE0004038
   35 00000000 E000403C 
                       T0EMR   EQU              0xE000403C
   36 00000000 E0004070 
                       T0CTCR  EQU              0xE0004070
   37 00000000         
   38 00000000 E0008000 
                       T1IR    EQU              0xE0008000
   39 00000000 E0008004 
                       T1TCR   EQU              0xE0008004
   40 00000000 E0008008 
                       T1TC    EQU              0xE0008008
   41 00000000 E000800C 
                       T1PR    EQU              0xE000800C
   42 00000000 E0008010 
                       T1PC    EQU              0xE0008010
   43 00000000 E0008014 
                       T1MCR   EQU              0xE0008014
   44 00000000 E0008018 
                       T1MR0   EQU              0xE0008018
   45 00000000 E000801C 
                       T1MR1   EQU              0xE000801C
   46 00000000 E0008020 
                       T1MR2   EQU              0xE0008020
   47 00000000 E0008024 
                       T1MR3   EQU              0xE0008024
   48 00000000 E0008028 
                       T1CCR   EQU              0xE0008028
   49 00000000 E000802C 
                       T1CR0   EQU              0xE000802C
   50 00000000 E0008030 
                       T1CR1   EQU              0xE0008030
   51 00000000 E0008034 
                       T1CR2   EQU              0xE0008034
   52 00000000 E0008038 
                       T1CR3   EQU              0xE0008038
   53 00000000 E000803C 
                       T1EMR   EQU              0xE000803C
   54 00000000 E0008070 
                       T1CTCR  EQU              0xE0008070
   55 00000000         
   56 00000000         
   57 00000000                 END
    4 00000000                 EXPORT           thread_handler
    5 00000000                 IMPORT           thread0s
    6 00000000                 IMPORT           thread1s
    7 00000000                 IMPORT           curr_thread
    8 00000000         
    9 00000000         
   10 00000000         thread_handler
   11 00000000         ;check if whichthread, save spsr into position



ARM Macro Assembler    Page 3 


   12 00000000         ;cpsr
   13 00000000         ;lr
   14 00000000         ;sp
   15 00000000         
   16 00000000         
   17 00000000 E14F2000        MRS              r2, SPSR
   18 00000004 E59F00C0        ldr              r0, =curr_thread
   19 00000008 E5901000        ldr              r1, [r0]
   20 0000000C E3510003        cmp              r1, #3
   21 00000010 08BD401F        LDMFDEQ          SP!, {R0 - R4, lr}
   22 00000014 0A00001E        BEQ              skip
   23 00000018         
   24 00000018 E3510000        cmp              r1, #0
   25 0000001C 059F00AC        ldreq            r0, =thread0s
   26 00000020 159F00AC        ldrne            r0, =thread1s
   27 00000024         
   28 00000024 E5802008        str              r2, [r0, #8]
   29 00000028 E580E004        str              lr, [r0, #4]
   30 0000002C         
   31 0000002C E8BD401F        LDMFD            SP!, {R0 - R4, lr}
   32 00000030 E321F09F        MSR              CPSR_c, #0x9F
   33 00000034 E92D5FFF        STMFD            sp!, {r0-R12, lr}
   34 00000038 E59F108C        LDR              r1, =curr_thread
   35 0000003C E5910000        ldr              r0, [r1]
   36 00000040 E3500000        CMP              r0, #0
   37 00000044 0A000000        BEQ              switch2thread1
   38 00000048 1A00000F        BNE              switch2thread0
   39 0000004C         
   40 0000004C         switch2thread1
   41 0000004C E59F007C        ldr              r0, =thread0s
   42 00000050 E580D000        STR              sp, [r0]
   43 00000054 E59F0078        ldr              r0, =thread1s
   44 00000058 E590D000        ldr              sp, [r0]
   45 0000005C E8BD5FFF        LDMFD            sp!, {r0-R12, lr}
   46 00000060 E321F092        MSR              CPSR_c, #0x92
   47 00000064 E92D0003        STMFD            sp!, {r0, r1}
   48 00000068 E59F0060        ldr              r0, =thread0s
   49 0000006C E590E004        ldr              lr, [r0, #4]
   50 00000070 E5901008        ldr              r1, [r0, #8]
   51 00000074 E59F0050        ldr              r0, =curr_thread
   52 00000078 E3A01001        ldr              r1, =1
   53 0000007C E5801000        str              r1, [r0]
   54 00000080 E161F001        MSR              SPSR_c, r1
   55 00000084 E92D4000        STMFD            sp!, {lr}
   56 00000088 E8FD8003        LDMFD            sp!, {r0, r1, pc}^
   57 0000008C         
   58 0000008C         
   59 0000008C         switch2thread0
   60 0000008C E59F0040        ldr              r0, =thread1s
   61 00000090 E580D000        STR              sp, [r0]
   62 00000094         skip
   63 00000094 E59F0034        ldr              r0, =thread0s
   64 00000098 E590D000        ldr              sp, [r0]
   65 0000009C E8BD5FFF        LDMFD            sp!, {R0-R12, lr}
   66 000000A0 E321F092        MSR              CPSR_c, #0x92
   67 000000A4 E92D0003        STMFD            sp!, {r0, r1}
   68 000000A8 E59F0020        ldr              r0, =thread0s
   69 000000AC E590E004        ldr              lr, [r0, #4]
   70 000000B0 E5901008        ldr              r1, [r0, #8]



ARM Macro Assembler    Page 4 


   71 000000B4 E59F0010        ldr              r0, =curr_thread
   72 000000B8 E3A01000        ldr              r1, =0
   73 000000BC E5801000        str              r1, [r0]
   74 000000C0 E161F001        MSR              SPSR_c, r1
   75 000000C4 E92D4000        STMFD            sp!, {lr}
   76 000000C8 E8FD8003        LDMFD            sp!, {r0, r1, pc}^
   77 000000CC         
   78 000000CC         
   79 000000CC         
   80 000000CC                 END
              00000000 
              00000000 
              00000000 
Command Line: --debug --xref --diag_suppress=9931 --apcs=interwork --depend=.\t
hreadstarter.d -o.\threadstarter.o -IC:\Keil_v5\ARM\RV31\INC -IC:\Keil_v5\ARM\C
MSIS\Include -IC:\Keil_v5\ARM\INC\Philips --predefine="__EVAL SETA 1" --predefi
ne="__MICROLIB SETA 1" --predefine="__UVISION_VERSION SETA 525" --list=.\listin
gs\threadstarter.lst ThreadStarter.s



ARM Macro Assembler    Page 1 Alphabetic symbol ordering
Relocatable symbols

ThreadStarter 00000000

Symbol: ThreadStarter
   Definitions
      At line 1 in file ThreadStarter.s
   Uses
      None
Comment: ThreadStarter unused
1 symbol



ARM Macro Assembler    Page 1 Alphabetic symbol ordering
Relocatable symbols

REG_DEFS 00000000

Symbol: REG_DEFS
   Definitions
      At line 1 in file REG_DEFS.s
   Uses
      None
Comment: REG_DEFS unused
skip 00000094

Symbol: skip
   Definitions
      At line 62 in file ThreadStarter.s
   Uses
      At line 22 in file ThreadStarter.s
Comment: skip used once
switch2thread0 0000008C

Symbol: switch2thread0
   Definitions
      At line 59 in file ThreadStarter.s
   Uses
      At line 38 in file ThreadStarter.s
Comment: switch2thread0 used once
switch2thread1 0000004C

Symbol: switch2thread1
   Definitions
      At line 40 in file ThreadStarter.s
   Uses
      At line 37 in file ThreadStarter.s
Comment: switch2thread1 used once
thread_handler 00000000

Symbol: thread_handler
   Definitions
      At line 10 in file ThreadStarter.s
   Uses
      At line 4 in file ThreadStarter.s
Comment: thread_handler used once
5 symbols



ARM Macro Assembler    Page 1 Alphabetic symbol ordering
Absolute symbols

IO0CLR E002800C

Symbol: IO0CLR
   Definitions
      At line 8 in file REG_DEFS.s
   Uses
      None
Comment: IO0CLR unused
IO0DIR E0028008

Symbol: IO0DIR
   Definitions
      At line 7 in file REG_DEFS.s
   Uses
      None
Comment: IO0DIR unused
IO0PIN E0028000

Symbol: IO0PIN
   Definitions
      At line 5 in file REG_DEFS.s
   Uses
      None
Comment: IO0PIN unused
IO0SET E0028004

Symbol: IO0SET
   Definitions
      At line 6 in file REG_DEFS.s
   Uses
      None
Comment: IO0SET unused
IO1CLR E002801C

Symbol: IO1CLR
   Definitions
      At line 12 in file REG_DEFS.s
   Uses
      None
Comment: IO1CLR unused
IO1DIR E0028018

Symbol: IO1DIR
   Definitions
      At line 11 in file REG_DEFS.s
   Uses
      None
Comment: IO1DIR unused
IO1PIN E0028010

Symbol: IO1PIN
   Definitions
      At line 9 in file REG_DEFS.s
   Uses
      None
Comment: IO1PIN unused
IO1SET E0028014

Symbol: IO1SET



ARM Macro Assembler    Page 2 Alphabetic symbol ordering
Absolute symbols

   Definitions
      At line 10 in file REG_DEFS.s
   Uses
      None
Comment: IO1SET unused
T0CCR E0004028

Symbol: T0CCR
   Definitions
      At line 30 in file REG_DEFS.s
   Uses
      None
Comment: T0CCR unused
T0CR0 E000402C

Symbol: T0CR0
   Definitions
      At line 31 in file REG_DEFS.s
   Uses
      None
Comment: T0CR0 unused
T0CR1 E0004030

Symbol: T0CR1
   Definitions
      At line 32 in file REG_DEFS.s
   Uses
      None
Comment: T0CR1 unused
T0CR2 E0004034

Symbol: T0CR2
   Definitions
      At line 33 in file REG_DEFS.s
   Uses
      None
Comment: T0CR2 unused
T0CR3 E0004038

Symbol: T0CR3
   Definitions
      At line 34 in file REG_DEFS.s
   Uses
      None
Comment: T0CR3 unused
T0CTCR E0004070

Symbol: T0CTCR
   Definitions
      At line 36 in file REG_DEFS.s
   Uses
      None
Comment: T0CTCR unused
T0EMR E000403C

Symbol: T0EMR
   Definitions
      At line 35 in file REG_DEFS.s
   Uses



ARM Macro Assembler    Page 3 Alphabetic symbol ordering
Absolute symbols

      None
Comment: T0EMR unused
T0IR E0004000

Symbol: T0IR
   Definitions
      At line 20 in file REG_DEFS.s
   Uses
      None
Comment: T0IR unused
T0MCR E0004014

Symbol: T0MCR
   Definitions
      At line 25 in file REG_DEFS.s
   Uses
      None
Comment: T0MCR unused
T0MR0 E0004018

Symbol: T0MR0
   Definitions
      At line 26 in file REG_DEFS.s
   Uses
      None
Comment: T0MR0 unused
T0MR1 E000401C

Symbol: T0MR1
   Definitions
      At line 27 in file REG_DEFS.s
   Uses
      None
Comment: T0MR1 unused
T0MR2 E0004020

Symbol: T0MR2
   Definitions
      At line 28 in file REG_DEFS.s
   Uses
      None
Comment: T0MR2 unused
T0MR3 E0004024

Symbol: T0MR3
   Definitions
      At line 29 in file REG_DEFS.s
   Uses
      None
Comment: T0MR3 unused
T0PC E0004010

Symbol: T0PC
   Definitions
      At line 24 in file REG_DEFS.s
   Uses
      None
Comment: T0PC unused
T0PR E000400C



ARM Macro Assembler    Page 4 Alphabetic symbol ordering
Absolute symbols


Symbol: T0PR
   Definitions
      At line 23 in file REG_DEFS.s
   Uses
      None
Comment: T0PR unused
T0TC E0004008

Symbol: T0TC
   Definitions
      At line 22 in file REG_DEFS.s
   Uses
      None
Comment: T0TC unused
T0TCR E0004004

Symbol: T0TCR
   Definitions
      At line 21 in file REG_DEFS.s
   Uses
      None
Comment: T0TCR unused
T1CCR E0008028

Symbol: T1CCR
   Definitions
      At line 48 in file REG_DEFS.s
   Uses
      None
Comment: T1CCR unused
T1CR0 E000802C

Symbol: T1CR0
   Definitions
      At line 49 in file REG_DEFS.s
   Uses
      None
Comment: T1CR0 unused
T1CR1 E0008030

Symbol: T1CR1
   Definitions
      At line 50 in file REG_DEFS.s
   Uses
      None
Comment: T1CR1 unused
T1CR2 E0008034

Symbol: T1CR2
   Definitions
      At line 51 in file REG_DEFS.s
   Uses
      None
Comment: T1CR2 unused
T1CR3 E0008038

Symbol: T1CR3
   Definitions



ARM Macro Assembler    Page 5 Alphabetic symbol ordering
Absolute symbols

      At line 52 in file REG_DEFS.s
   Uses
      None
Comment: T1CR3 unused
T1CTCR E0008070

Symbol: T1CTCR
   Definitions
      At line 54 in file REG_DEFS.s
   Uses
      None
Comment: T1CTCR unused
T1EMR E000803C

Symbol: T1EMR
   Definitions
      At line 53 in file REG_DEFS.s
   Uses
      None
Comment: T1EMR unused
T1IR E0008000

Symbol: T1IR
   Definitions
      At line 38 in file REG_DEFS.s
   Uses
      None
Comment: T1IR unused
T1MCR E0008014

Symbol: T1MCR
   Definitions
      At line 43 in file REG_DEFS.s
   Uses
      None
Comment: T1MCR unused
T1MR0 E0008018

Symbol: T1MR0
   Definitions
      At line 44 in file REG_DEFS.s
   Uses
      None
Comment: T1MR0 unused
T1MR1 E000801C

Symbol: T1MR1
   Definitions
      At line 45 in file REG_DEFS.s
   Uses
      None
Comment: T1MR1 unused
T1MR2 E0008020

Symbol: T1MR2
   Definitions
      At line 46 in file REG_DEFS.s
   Uses
      None



ARM Macro Assembler    Page 6 Alphabetic symbol ordering
Absolute symbols

Comment: T1MR2 unused
T1MR3 E0008024

Symbol: T1MR3
   Definitions
      At line 47 in file REG_DEFS.s
   Uses
      None
Comment: T1MR3 unused
T1PC E0008010

Symbol: T1PC
   Definitions
      At line 42 in file REG_DEFS.s
   Uses
      None
Comment: T1PC unused
T1PR E000800C

Symbol: T1PR
   Definitions
      At line 41 in file REG_DEFS.s
   Uses
      None
Comment: T1PR unused
T1TC E0008008

Symbol: T1TC
   Definitions
      At line 40 in file REG_DEFS.s
   Uses
      None
Comment: T1TC unused
T1TCR E0008004

Symbol: T1TCR
   Definitions
      At line 39 in file REG_DEFS.s
   Uses
      None
Comment: T1TCR unused
VICDEFVECTADDR FFFFF034

Symbol: VICDEFVECTADDR
   Definitions
      At line 18 in file REG_DEFS.s
   Uses
      None
Comment: VICDEFVECTADDR unused
VICINTENABLE FFFFF010

Symbol: VICINTENABLE
   Definitions
      At line 17 in file REG_DEFS.s
   Uses
      None
Comment: VICINTENABLE unused
VICINTSELECT FFFFF00C




ARM Macro Assembler    Page 7 Alphabetic symbol ordering
Absolute symbols

Symbol: VICINTSELECT
   Definitions
      At line 16 in file REG_DEFS.s
   Uses
      None
Comment: VICINTSELECT unused
VICVECTADDR FFFFF030

Symbol: VICVECTADDR
   Definitions
      At line 15 in file REG_DEFS.s
   Uses
      None
Comment: VICVECTADDR unused
46 symbols



ARM Macro Assembler    Page 1 Alphabetic symbol ordering
External symbols

curr_thread 00000000

Symbol: curr_thread
   Definitions
      At line 7 in file ThreadStarter.s
   Uses
      At line 18 in file ThreadStarter.s
      At line 34 in file ThreadStarter.s
      At line 51 in file ThreadStarter.s
      At line 71 in file ThreadStarter.s

thread0s 00000000

Symbol: thread0s
   Definitions
      At line 5 in file ThreadStarter.s
   Uses
      At line 25 in file ThreadStarter.s
      At line 41 in file ThreadStarter.s
      At line 48 in file ThreadStarter.s
      At line 63 in file ThreadStarter.s
      At line 68 in file ThreadStarter.s

thread1s 00000000

Symbol: thread1s
   Definitions
      At line 6 in file ThreadStarter.s
   Uses
      At line 26 in file ThreadStarter.s
      At line 43 in file ThreadStarter.s
      At line 60 in file ThreadStarter.s

3 symbols
390 symbols in table
